<?xml version="1.0" encoding="UTF-8"?>
<!-- Generated by org.testng.reporters.JUnitXMLReporter -->
<testsuite ignored="0" hostname="DESKTOP-R7F4RG8" failures="0" tests="2" name="Default test" time="19.593" errors="0" timestamp="2023-07-30T08:44:52 IST">
  <testcase classname="TheTestingAcademy.VwoLoginAutomation.Login" name="TestInvalidLogin" time="10.097"/>
  <testcase classname="TheTestingAcademy.VwoLoginAutomation.Login" name="TestValidLogin" time="9.181"/>
</testsuite> <!-- Default test -->
