<?xml version="1.0" encoding="UTF-8"?>
<!-- Generated by org.testng.reporters.JUnitXMLReporter -->
<testsuite ignored="1" hostname="DESKTOP-R7F4RG8" failures="1" tests="1" name="Test1" time="0.397" errors="0" timestamp="2023-07-30T09:25:33 IST">
  <testcase classname="TheTestingAcademy.VwoLoginAutomation.Login" name="TestInvalidLogin" time="0.142">
    <failure type="java.lang.NullPointerException" message="Cannot invoke &amp;quot;org.openqa.selenium.WebDriver.get(String)&amp;quot; because &amp;quot;this.driver&amp;quot; is null">
      <![CDATA[java.lang.NullPointerException: Cannot invoke "org.openqa.selenium.WebDriver.get(String)" because "this.driver" is null
at TheTestingAcademy.VwoLoginAutomation.Login.TestInvalidLogin(Login.java:36)
at java.base/java.util.ArrayList.forEach(ArrayList.java:1511)
... Removed 27 stack frames]]>
    </failure>
  </testcase> <!-- TestInvalidLogin -->
  <testcase classname="TheTestingAcademy.VwoLoginAutomation.Login" name="TestValidLogin" time="0.0">
    <ignored/>
  </testcase> <!-- TestValidLogin -->
</testsuite> <!-- Test1 -->
