<?xml version="1.0" encoding="UTF-8"?>
<testng-results ignored="0" total="2" passed="2" failed="0" skipped="0">
  <reporter-output>
  </reporter-output>
  <suite started-at="2023-07-30T14:17:44 IST" name="Suite" finished-at="2023-07-30T14:18:09 IST" duration-ms="24754">
    <groups>
      <group name="Sanity">
        <method signature="Login.TestInvalidLogin()[pri:1, instance:TheTestingAcademy.VwoLoginAutomation.Login@3b96c42e]" name="TestInvalidLogin" class="TheTestingAcademy.VwoLoginAutomation.Login"/>
      </group> <!-- Sanity -->
      <group name="Negative">
        <method signature="Login.TestInvalidLogin()[pri:1, instance:TheTestingAcademy.VwoLoginAutomation.Login@3b96c42e]" name="TestInvalidLogin" class="TheTestingAcademy.VwoLoginAutomation.Login"/>
      </group> <!-- Negative -->
      <group name="Positive">
        <method signature="Login.TestValidLogin()[pri:2, instance:TheTestingAcademy.VwoLoginAutomation.Login@3b96c42e]" name="TestValidLogin" class="TheTestingAcademy.VwoLoginAutomation.Login"/>
      </group> <!-- Positive -->
      <group name="Smoke">
        <method signature="Login.TestValidLogin()[pri:2, instance:TheTestingAcademy.VwoLoginAutomation.Login@3b96c42e]" name="TestValidLogin" class="TheTestingAcademy.VwoLoginAutomation.Login"/>
      </group> <!-- Smoke -->
    </groups>
    <test started-at="2023-07-30T14:17:44 IST" name="Test" finished-at="2023-07-30T14:18:09 IST" duration-ms="24754">
      <class name="TheTestingAcademy.VwoLoginAutomation.Login">
        <test-method is-config="true" signature="setUp()[pri:0, instance:TheTestingAcademy.VwoLoginAutomation.Login@3b96c42e]" started-at="2023-07-30T14:17:39 IST" name="setUp" finished-at="2023-07-30T14:17:44 IST" duration-ms="4892" status="PASS">
          <reporter-output>
          </reporter-output>
        </test-method> <!-- setUp -->
        <test-method signature="TestInvalidLogin()[pri:1, instance:TheTestingAcademy.VwoLoginAutomation.Login@3b96c42e]" started-at="2023-07-30T14:17:44 IST" name="TestInvalidLogin" finished-at="2023-07-30T14:17:56 IST" duration-ms="12036" status="PASS">
          <reporter-output>
          </reporter-output>
        </test-method> <!-- TestInvalidLogin -->
        <test-method signature="TestValidLogin()[pri:2, instance:TheTestingAcademy.VwoLoginAutomation.Login@3b96c42e]" started-at="2023-07-30T14:17:57 IST" name="TestValidLogin" finished-at="2023-07-30T14:18:09 IST" duration-ms="12238" status="PASS">
          <reporter-output>
          </reporter-output>
        </test-method> <!-- TestValidLogin -->
        <test-method is-config="true" signature="tearDown()[pri:0, instance:TheTestingAcademy.VwoLoginAutomation.Login@3b96c42e]" started-at="2023-07-30T14:18:09 IST" name="tearDown" finished-at="2023-07-30T14:18:10 IST" duration-ms="653" status="PASS">
          <reporter-output>
          </reporter-output>
        </test-method> <!-- tearDown -->
      </class> <!-- TheTestingAcademy.VwoLoginAutomation.Login -->
    </test> <!-- Test -->
  </suite> <!-- Suite -->
</testng-results>
